[INFO] Enabling TLS connection
[INFO] Disable TLS server verification.
[INFO] Authentication skipped until first request
[INFO] Query:  SELECT * FROM "global_workspace"."well-mappings-vds"
[INFO] GetSchema was successful
[INFO] Schema:  <pyarrow._flight.SchemaResult object at 0x7ff956bd7910>
[INFO] GetFlightInfo was successful
[INFO] Ticket:  <Ticket b'\n4SELECT * FROM "global_workspace"."well-mappings-vds"\x12N\nL\n4SELECT * FROM "global_workspace"."well-mappings-vds"\x10\x1a\x1a\x12\t\x8c\xe7#Y\xbe\xcd)\x1d\x11\x00\xf6?-\xa4\xaf\xf0\xc5'>
[INFO] Reading query results from Dremio
   4P_PlateNo 4P_24WNos 4P_24WNos_WithPlateNos 1P_PlateNo 1P_96WNos 1P_96WNos_WithPlateNos
0           1       A01                  1.A01          1       A01                  1.A01
1           1       A02                  1.A02          1       A02                  1.A02
2           1       A03                  1.A03          1       A03                  1.A03
3           1       A04                  1.A04          1       A04                  1.A04
4           1       A05                  1.A05          1       A05                  1.A05
..        ...       ...                    ...        ...       ...                    ...
91          4       D02                  4.D02          1       H08                  1.H08
92          4       D03                  4.D03          1       H09                  1.H09
93          4       D04                  4.D04          1       H10                  1.H10
94          4       D05                  4.D05          1       H11                  1.H11
95          4       D06                  4.D06          1       H12                  1.H12

[96 rows x 6 columns]
*****************************Finished******************************************************
